<?xml version="1.0" encoding="UTF-8"?>
<!-- Generated by org.testng.reporters.JUnitReportReporter -->
<testsuite hostname="HVUFT30" failures="0" tests="1" name="tests.Assignment1" time="0.828" errors="0" timestamp="2025-09-18T16:58:05 IST" skipped="0">
  <testcase classname="tests.Assignment1" name="verifyIMSLogin" time="0.828"/>
  <system-out/>
</testsuite> <!-- tests.Assignment1 -->
